<?xml version="1.0" encoding="UTF-8"?>
<testng-results ignored="0" total="1" passed="1" failed="0" skipped="0">
  <reporter-output>
  </reporter-output>
  <suite started-at="2024-04-08T11:56:50 CDT" name="Default suite" finished-at="2024-04-08T11:57:02 CDT" duration-ms="12342">
    <groups>
    </groups>
    <test started-at="2024-04-08T11:56:50 CDT" name="Default test" finished-at="2024-04-08T11:57:02 CDT" duration-ms="12342">
      <class name="sesion.Testlog">
        <test-method signature="login()[pri:0, instance:sesion.Testlog@65f095f8]" started-at="2024-04-08T11:56:50 CDT" name="login" finished-at="2024-04-08T11:57:02 CDT" duration-ms="12319" status="PASS">
          <reporter-output>
          </reporter-output>
        </test-method> <!-- login -->
      </class> <!-- sesion.Testlog -->
    </test> <!-- Default test -->
  </suite> <!-- Default suite -->
</testng-results>
